<?xml version="1.0" encoding="UTF-8"?>
<!-- Generated by org.testng.reporters.JUnitReportReporter -->
<testsuite hostname="DESKTOP-6HCCKTA" failures="0" tests="2" name="APITest" time="1.501" errors="0" timestamp="2025-05-22T02:14:41 EDT" skipped="0">
  <testcase classname="APITest" name="test2" time="0.142"/>
  <testcase classname="APITest" name="test1" time="1.359"/>
</testsuite> <!-- APITest -->
